{
  "stats": {
    "suites": 2,
    "tests": 2,
    "passes": 0,
    "pending": 0,
    "failures": 2,
    "start": "2025-02-01T11:17:37.798Z",
    "end": "2025-02-01T11:17:39.260Z",
    "duration": 1462,
    "testsRegistered": 2,
    "passPercent": 0,
    "pendingPercent": 0,
    "other": 0,
    "hasOther": false,
    "skipped": 0,
    "hasSkipped": false
  },
  "results": [
    {
      "uuid": "dc238199-537b-4f34-bf0a-978a52fcd682",
      "title": "",
      "fullFile": "cypress\\e2e\\tests\\logger.cy.js",
      "file": "cypress\\e2e\\tests\\logger.cy.js",
      "beforeHooks": [],
      "afterHooks": [],
      "tests": [],
      "suites": [
        {
          "uuid": "541044ab-e350-448a-a360-5368db40cf52",
          "title": "Logging Test",
          "fullFile": "",
          "file": "",
          "beforeHooks": [],
          "afterHooks": [],
          "tests": [
            {
              "title": "should log a message",
              "fullTitle": "Logging Test should log a message",
              "timedOut": null,
              "duration": 596,
              "state": "failed",
              "speed": null,
              "pass": false,
              "fail": true,
              "pending": false,
              "context": null,
              "code": "cy.task('writeLog', 'This is a test log message');",
              "err": {
                "message": "CypressError: `cy.task('writeLog')` failed with the following error:\n\n> ENOENT: no such file or directory, open 'C:\\Users\\abhis\\OneDrive\\Documents\\Cypress\\cypress\\logs\\log_file.txt'\n\nhttps://on.cypress.io/api/task",
                "estack": "CypressError: `cy.task('writeLog')` failed with the following error:\n\n> ENOENT: no such file or directory, open 'C:\\Users\\abhis\\OneDrive\\Documents\\Cypress\\cypress\\logs\\log_file.txt'\n\nhttps://on.cypress.io/api/task\n    at <unknown> (http://localhost:60042/__cypress/runner/cypress_runner.js:134907:70)\n    at tryCatcher (http://localhost:60042/__cypress/runner/cypress_runner.js:1777:23)\n    at Promise._settlePromiseFromHandler (http://localhost:60042/__cypress/runner/cypress_runner.js:1489:31)\n    at Promise._settlePromise (http://localhost:60042/__cypress/runner/cypress_runner.js:1546:18)\n    at Promise._settlePromise0 (http://localhost:60042/__cypress/runner/cypress_runner.js:1591:10)\n    at Promise._settlePromises (http://localhost:60042/__cypress/runner/cypress_runner.js:1667:18)\n    at _drainQueueStep (http://localhost:60042/__cypress/runner/cypress_runner.js:2377:12)\n    at _drainQueue (http://localhost:60042/__cypress/runner/cypress_runner.js:2370:9)\n    at Async._drainQueues (http://localhost:60042/__cypress/runner/cypress_runner.js:2386:5)\n    at Async.drainQueues (http://localhost:60042/__cypress/runner/cypress_runner.js:2256:14)\nFrom Your Spec Code:\n    at Context.eval (webpack://cypress/./cypress/e2e/tests/logger.cy.js:3:11)\n\nFrom Node.js Internals:\n  Error: ENOENT: no such file or directory, open 'C:\\Users\\abhis\\OneDrive\\Documents\\Cypress\\cypress\\logs\\log_file.txt'\n      at Object.writeFileSync (node:fs:2368:20)\n      at Object.appendFileSync (node:fs:2449:6)\n      at writeLog (C:\\Users\\abhis\\OneDrive\\Documents\\Cypress\\cypress.config.js:13:14)\n      at invoke (C:\\Users\\abhis\\AppData\\Local\\Cypress\\Cache\\14.0.1\\Cypress\\resources\\app\\node_modules\\@packages\\server\\lib\\plugins\\child\\run_plugins.js:248:16)\n      at <unknown> (C:\\Users\\abhis\\AppData\\Local\\Cypress\\Cache\\14.0.1\\Cypress\\resources\\app\\node_modules\\@packages\\server\\lib\\plugins\\util.js:59:14)\n      at tryCatcher (C:\\Users\\abhis\\AppData\\Local\\Cypress\\Cache\\14.0.1\\Cypress\\resources\\app\\node_modules\\bluebird\\js\\release\\util.js:16:23)\n      at Promise.attempt.Promise.try (C:\\Users\\abhis\\AppData\\Local\\Cypress\\Cache\\14.0.1\\Cypress\\resources\\app\\node_modules\\bluebird\\js\\release\\method.js:39:29)\n      at Object.wrapChildPromise (C:\\Users\\abhis\\AppData\\Local\\Cypress\\Cache\\14.0.1\\Cypress\\resources\\app\\node_modules\\@packages\\server\\lib\\plugins\\util.js:58:23)\n      at RunPlugins.taskExecute (C:\\Users\\abhis\\AppData\\Local\\Cypress\\Cache\\14.0.1\\Cypress\\resources\\app\\node_modules\\@packages\\server\\lib\\plugins\\child\\run_plugins.js:254:10)\n      at RunPlugins.execute (C:\\Users\\abhis\\AppData\\Local\\Cypress\\Cache\\14.0.1\\Cypress\\resources\\app\\node_modules\\@packages\\server\\lib\\plugins\\child\\run_plugins.js:166:21)\n      at EventEmitter.<anonymous> (C:\\Users\\abhis\\AppData\\Local\\Cypress\\Cache\\14.0.1\\Cypress\\resources\\app\\node_modules\\@packages\\server\\lib\\plugins\\child\\run_plugins.js:56:12)\n      at EventEmitter.emit (node:events:519:28)\n      at process.<anonymous> (C:\\Users\\abhis\\AppData\\Local\\Cypress\\Cache\\14.0.1\\Cypress\\resources\\app\\node_modules\\@packages\\server\\lib\\plugins\\util.js:33:22)\n      at process.emit (node:events:519:28)\n      at emit (node:internal/child_process:951:14)\n      at process.processTicksAndRejections (node:internal/process/task_queues:83:21)",
                "diff": null
              },
              "uuid": "ebcf4e99-81a7-4b1c-b3b2-1a48c54f60d0",
              "parentUUID": "541044ab-e350-448a-a360-5368db40cf52",
              "isHook": false,
              "skipped": false
            }
          ],
          "suites": [],
          "passes": [],
          "failures": [
            "ebcf4e99-81a7-4b1c-b3b2-1a48c54f60d0"
          ],
          "pending": [],
          "skipped": [],
          "duration": 596,
          "root": false,
          "rootEmpty": false,
          "_timeout": 2000
        },
        {
          "uuid": "e6f903a5-14fc-4075-a2a3-660faab08703",
          "title": "Read json Data",
          "fullFile": "",
          "file": "",
          "beforeHooks": [],
          "afterHooks": [],
          "tests": [
            {
              "title": "json",
              "fullTitle": "Read json Data json",
              "timedOut": null,
              "duration": 651,
              "state": "failed",
              "speed": null,
              "pass": false,
              "fail": true,
              "pending": false,
              "context": null,
              "code": "data = cy.task('readJson');\ncy.task('writeLog', 'data');",
              "err": {
                "message": "ReferenceError: data is not defined",
                "estack": "ReferenceError: data is not defined\n    at Context.eval (webpack://cypress/./cypress/e2e/tests/logger.cy.js:9:12)\n    at runnable.fn (http://localhost:60042/__cypress/runner/cypress_runner.js:138150:19)\n    at callFn (http://localhost:60042/__cypress/runner/cypress_runner.js:156747:21)\n    at Runnable.run (http://localhost:60042/__cypress/runner/cypress_runner.js:156734:7)\n    at <unknown> (http://localhost:60042/__cypress/runner/cypress_runner.js:162664:30)\n    at PassThroughHandlerContext.finallyHandler (http://localhost:60042/__cypress/runner/cypress_runner.js:4042:23)\n    at PassThroughHandlerContext.tryCatcher (http://localhost:60042/__cypress/runner/cypress_runner.js:1777:23)\n    at Promise._settlePromiseFromHandler (http://localhost:60042/__cypress/runner/cypress_runner.js:1489:31)\n    at Promise._settlePromise (http://localhost:60042/__cypress/runner/cypress_runner.js:1546:18)",
                "diff": null
              },
              "uuid": "04087b1c-07d3-4e4d-90be-581e59f4e58d",
              "parentUUID": "e6f903a5-14fc-4075-a2a3-660faab08703",
              "isHook": false,
              "skipped": false
            }
          ],
          "suites": [],
          "passes": [],
          "failures": [
            "04087b1c-07d3-4e4d-90be-581e59f4e58d"
          ],
          "pending": [],
          "skipped": [],
          "duration": 651,
          "root": false,
          "rootEmpty": false,
          "_timeout": 2000
        }
      ],
      "passes": [],
      "failures": [],
      "pending": [],
      "skipped": [],
      "duration": 0,
      "root": true,
      "rootEmpty": true,
      "_timeout": 2000
    }
  ],
  "meta": {
    "mocha": {
      "version": "7.0.1"
    },
    "mochawesome": {
      "options": {
        "quiet": false,
        "reportFilename": "mochawesome",
        "saveHtml": true,
        "saveJson": true,
        "consoleReporter": "spec",
        "useInlineDiffs": false,
        "code": true
      },
      "version": "7.1.3"
    },
    "marge": {
      "options": {
        "reportDir": "cypress/reports",
        "overwrite": false,
        "html": true,
        "json": true
      },
      "version": "6.2.0"
    }
  }
}