{
  "stats": {
    "suites": 1,
    "tests": 1,
    "passes": 0,
    "pending": 2,
    "failures": -1,
    "start": "2025-02-06T18:48:49.867Z",
    "end": "2025-02-06T18:48:49.884Z",
    "duration": 17,
    "testsRegistered": 2,
    "passPercent": null,
    "pendingPercent": 100,
    "other": 1,
    "hasOther": true,
    "skipped": 0,
    "hasSkipped": false
  },
  "results": [
    {
      "uuid": "07aac09d-0bbe-4706-be98-c5570a460300",
      "title": "",
      "fullFile": "cypress\\e2e\\tests\\scraping.cy.js",
      "file": "cypress\\e2e\\tests\\scraping.cy.js",
      "beforeHooks": [],
      "afterHooks": [],
      "tests": [],
      "suites": [
        {
          "uuid": "bc9a61c3-1c66-4080-aad3-8ea3919c2dbd",
          "title": "Scraping Suite",
          "fullFile": "",
          "file": "",
          "beforeHooks": [],
          "afterHooks": [],
          "tests": [
            {
              "title": "Simple Scrape",
              "fullTitle": "Scraping Suite Simple Scrape",
              "timedOut": null,
              "duration": 0,
              "state": "pending",
              "speed": null,
              "pass": false,
              "fail": false,
              "pending": true,
              "context": null,
              "code": "cy.visit('https://sauce-demo.myshopify.com/');\ncy.xpath(\"//a[@class='checkout']\").invoke('text').then(text => {\n  cy.task('writeLog', text);\n});",
              "err": {},
              "uuid": "51c1616e-a03b-4080-89b8-b5f4532b44ba",
              "parentUUID": "bc9a61c3-1c66-4080-aad3-8ea3919c2dbd",
              "isHook": false,
              "skipped": false
            },
            {
              "title": "Scraping multiple",
              "fullTitle": "Scraping Suite Scraping multiple",
              "timedOut": null,
              "duration": 0,
              "state": "pending",
              "speed": null,
              "pass": false,
              "fail": false,
              "pending": true,
              "context": null,
              "code": "cy.visit('https://sauce-demo.myshopify.com/');\nlet userdata = [];\ncy.xpath(\"//li\").each((webelement, index) => {\n  cy.wrap(webelement).invoke('text').then(text => {\n    userdata.push({\n      [index]: text\n    });\n  });\n}).then(() => {\n  cy.task('saveJsonData', userdata);\n});",
              "err": {},
              "uuid": "27b46b29-6be4-40fb-b009-1733a0d2e9ce",
              "parentUUID": "bc9a61c3-1c66-4080-aad3-8ea3919c2dbd",
              "isHook": false,
              "skipped": false
            }
          ],
          "suites": [],
          "passes": [],
          "failures": [],
          "pending": [
            "51c1616e-a03b-4080-89b8-b5f4532b44ba",
            "27b46b29-6be4-40fb-b009-1733a0d2e9ce"
          ],
          "skipped": [],
          "duration": 0,
          "root": false,
          "rootEmpty": false,
          "_timeout": 2000
        }
      ],
      "passes": [],
      "failures": [],
      "pending": [],
      "skipped": [],
      "duration": 0,
      "root": true,
      "rootEmpty": true,
      "_timeout": 2000
    }
  ],
  "meta": {
    "mocha": {
      "version": "7.0.1"
    },
    "mochawesome": {
      "options": {
        "quiet": false,
        "reportFilename": "mochawesome",
        "saveHtml": true,
        "saveJson": true,
        "consoleReporter": "spec",
        "useInlineDiffs": false,
        "code": true
      },
      "version": "7.1.3"
    },
    "marge": {
      "options": {
        "reportDir": "cypress/reports",
        "overwrite": true,
        "html": true,
        "json": true
      },
      "version": "6.2.0"
    }
  }
}