{
  "stats": {
    "suites": 2,
    "tests": 2,
    "passes": 2,
    "pending": 0,
    "failures": 0,
    "start": "2025-02-01T11:27:14.414Z",
    "end": "2025-02-01T11:27:14.670Z",
    "duration": 256,
    "testsRegistered": 2,
    "passPercent": 100,
    "pendingPercent": 0,
    "other": 0,
    "hasOther": false,
    "skipped": 0,
    "hasSkipped": false
  },
  "results": [
    {
      "uuid": "25620ed2-39a6-42e7-a466-99a52c524748",
      "title": "",
      "fullFile": "cypress\\e2e\\tests\\logger.cy.js",
      "file": "cypress\\e2e\\tests\\logger.cy.js",
      "beforeHooks": [],
      "afterHooks": [],
      "tests": [],
      "suites": [
        {
          "uuid": "70dee321-fcd5-4317-abe6-510af73fed36",
          "title": "Logging Test",
          "fullFile": "",
          "file": "",
          "beforeHooks": [],
          "afterHooks": [],
          "tests": [
            {
              "title": "should log a message",
              "fullTitle": "Logging Test should log a message",
              "timedOut": null,
              "duration": 82,
              "state": "passed",
              "speed": "fast",
              "pass": true,
              "fail": false,
              "pending": false,
              "context": null,
              "code": "cy.task('writeLog', 'This is a test log message');",
              "err": {},
              "uuid": "c13b4ca7-b49b-4098-bf3b-967d9023cbf8",
              "parentUUID": "70dee321-fcd5-4317-abe6-510af73fed36",
              "isHook": false,
              "skipped": false
            }
          ],
          "suites": [],
          "passes": [
            "c13b4ca7-b49b-4098-bf3b-967d9023cbf8"
          ],
          "failures": [],
          "pending": [],
          "skipped": [],
          "duration": 82,
          "root": false,
          "rootEmpty": false,
          "_timeout": 2000
        },
        {
          "uuid": "62ffa561-bbc5-40c2-b19a-992fb5970eb8",
          "title": "Read json Data",
          "fullFile": "",
          "file": "",
          "beforeHooks": [],
          "afterHooks": [],
          "tests": [
            {
              "title": "json",
              "fullTitle": "Read json Data json",
              "timedOut": null,
              "duration": 82,
              "state": "passed",
              "speed": "fast",
              "pass": true,
              "fail": false,
              "pending": false,
              "context": null,
              "code": "cy.task('readJson').then(data => {\n  // cy.task is async\n  console.log(data);\n});",
              "err": {},
              "uuid": "0280a1d3-bb77-46e3-805a-b81f12cb1597",
              "parentUUID": "62ffa561-bbc5-40c2-b19a-992fb5970eb8",
              "isHook": false,
              "skipped": false
            }
          ],
          "suites": [],
          "passes": [
            "0280a1d3-bb77-46e3-805a-b81f12cb1597"
          ],
          "failures": [],
          "pending": [],
          "skipped": [],
          "duration": 82,
          "root": false,
          "rootEmpty": false,
          "_timeout": 2000
        }
      ],
      "passes": [],
      "failures": [],
      "pending": [],
      "skipped": [],
      "duration": 0,
      "root": true,
      "rootEmpty": true,
      "_timeout": 2000
    }
  ],
  "meta": {
    "mocha": {
      "version": "7.0.1"
    },
    "mochawesome": {
      "options": {
        "quiet": false,
        "reportFilename": "mochawesome",
        "saveHtml": true,
        "saveJson": true,
        "consoleReporter": "spec",
        "useInlineDiffs": false,
        "code": true
      },
      "version": "7.1.3"
    },
    "marge": {
      "options": {
        "reportDir": "cypress/reports",
        "overwrite": false,
        "html": true,
        "json": true
      },
      "version": "6.2.0"
    }
  }
}