{
  "stats": {
    "suites": 1,
    "tests": 1,
    "passes": 1,
    "pending": 3,
    "failures": -3,
    "start": "2025-02-05T19:24:24.391Z",
    "end": "2025-02-05T19:24:31.732Z",
    "duration": 7341,
    "testsRegistered": 4,
    "passPercent": 100,
    "pendingPercent": 75,
    "other": 3,
    "hasOther": true,
    "skipped": 0,
    "hasSkipped": false
  },
  "results": [
    {
      "uuid": "de6cff00-3170-4ced-80f6-9365888114df",
      "title": "",
      "fullFile": "cypress\\e2e\\tests\\apitest.cy.js",
      "file": "cypress\\e2e\\tests\\apitest.cy.js",
      "beforeHooks": [],
      "afterHooks": [],
      "tests": [],
      "suites": [
        {
          "uuid": "270f2ac8-86cd-4720-804e-a5160c7e8ba5",
          "title": "API suite",
          "fullFile": "",
          "file": "",
          "beforeHooks": [],
          "afterHooks": [],
          "tests": [
            {
              "title": "First API TEST",
              "fullTitle": "API suite First API TEST",
              "timedOut": null,
              "duration": 0,
              "state": "pending",
              "speed": null,
              "pass": false,
              "fail": false,
              "pending": true,
              "context": null,
              "code": "cy.intercept('GET', 'https://randomuser.me/api/?nat=us&randomapi', {\n  statusCode: 200,\n  body: {\n    \"results\": [{\n      \"gender\": \"male\",\n      \"name\": {\n        \"title\": \"Mr\",\n        \"first\": \"God\",\n        \"last\": \"Abhishek\"\n      },\n      \"location\": {\n        \"street\": {\n          \"number\": 9179,\n          \"name\": \"Lovers Ln\"\n        },\n        \"city\": \"Mumbai\",\n        \"state\": \"Maharashtra\",\n        \"country\": \"India\",\n        \"postcode\": 42541,\n        \"coordinates\": {\n          \"latitude\": \"-4.4150\",\n          \"longitude\": \"-80.0625\"\n        },\n        \"timezone\": {\n          \"offset\": \"+6:00\",\n          \"description\": \"Almaty, Dhaka, Colombo\"\n        }\n      },\n      \"email\": \"jessie.perez@example.com\",\n      \"login\": {\n        \"uuid\": \"7bce7ee5-49af-4145-86b0-f5261562eb33\",\n        \"username\": \"redbear984\",\n        \"password\": \"gateway2\",\n        \"salt\": \"rJP0fqvF\",\n        \"md5\": \"a8635b1cf59efaf1da4089d3ccaa5a39\",\n        \"sha1\": \"21fc0f28c37b753e1e5278fc7f208ca3afd6e97a\",\n        \"sha256\": \"34305ed0a0dbe227de4af3de919adccf440e903736b013a5fd0471bab9f7bc23\"\n      },\n      \"dob\": {\n        \"date\": \"1962-12-10T07:37:27.673Z\",\n        \"age\": 62\n      },\n      \"registered\": {\n        \"date\": \"2005-04-21T08:35:33.019Z\",\n        \"age\": 19\n      },\n      \"phone\": \"(233) 387-2295\",\n      \"cell\": \"(625) 262-3695\",\n      \"id\": {\n        \"name\": \"SSN\",\n        \"value\": \"018-31-2442\"\n      },\n      \"picture\": {\n        \"large\": \"https://randomuser.me/api/portraits/men/41.jpg\",\n        \"medium\": \"https://randomuser.me/api/portraits/med/men/42.jpg\",\n        \"thumbnail\": \"https://randomuser.me/api/portraits/thumb/men/42.jpg\"\n      },\n      \"nat\": \"US\"\n    }],\n    \"info\": {\n      \"seed\": \"dc48abea6a31145b\",\n      \"results\": 1,\n      \"page\": 1,\n      \"version\": \"1.4\"\n    }\n  }\n}).as('getUser');\ncy.visit('https://randomuser.me/');\ncy.wait('@getUser').its('response.statusCode').should('eq', 200);\ncy.get('#user_value').should('include.text', 'Abhishek');",
              "err": {},
              "uuid": "6ed5ac53-8e2a-4bf3-a73c-87a7aa1312f6",
              "parentUUID": "270f2ac8-86cd-4720-804e-a5160c7e8ba5",
              "isHook": false,
              "skipped": false
            },
            {
              "title": "Internal Server Error Test",
              "fullTitle": "API suite Internal Server Error Test",
              "timedOut": null,
              "duration": 0,
              "state": "pending",
              "speed": null,
              "pass": false,
              "fail": false,
              "pending": true,
              "context": null,
              "code": "cy.intercept('GET', 'https://randomuser.me/api/?nat=us&randomapi', {\n  statusCode: 500\n}).as('getUserError');\ncy.visit('https://randomuser.me/');\ncy.wait('@getUserError');\ncy.get(\"#user_value\").should('include.text', '...');\ncy.log('Server Error');",
              "err": {},
              "uuid": "1fa6de96-12fe-423b-a445-b4cd6ea2cf0e",
              "parentUUID": "270f2ac8-86cd-4720-804e-a5160c7e8ba5",
              "isHook": false,
              "skipped": false
            },
            {
              "title": "API Delay Test",
              "fullTitle": "API suite API Delay Test",
              "timedOut": null,
              "duration": 0,
              "state": "pending",
              "speed": null,
              "pass": false,
              "fail": false,
              "pending": true,
              "context": null,
              "code": "cy.intercept('GET', 'https://randomuser.me/api/?nat=us&randomapi', req => {\n  req.on('response', res => {\n    res.setDelay(5000); // Delaying the response \n  });\n}).as('delayUser');\ncy.visit('https://randomuser.me/');\ncy.wait('@delayUser');\ncy.pause();",
              "err": {},
              "uuid": "44fa83b3-b16f-49b9-8849-6d90d76f46c5",
              "parentUUID": "270f2ac8-86cd-4720-804e-a5160c7e8ba5",
              "isHook": false,
              "skipped": false
            },
            {
              "title": "API Delay Test - 2",
              "fullTitle": "API suite API Delay Test - 2",
              "timedOut": null,
              "duration": 5030,
              "state": "passed",
              "speed": "medium",
              "pass": true,
              "fail": false,
              "pending": false,
              "context": null,
              "code": "cy.intercept('GET', 'https://fakerestapi.azurewebsites.net/api/v1/Activities', req => {\n  req.on('response', res => {\n    res.setDelay(2000);\n  });\n}).as('delay');\ncy.visit('https://fakerestapi.azurewebsites.net/index.html');\ncy.xpath(\"(//span[.='GET'])[1]\").click();\ncy.xpath(\"//button[@class='btn try-out__btn']\").click();\ncy.xpath(\"//div[@class='loading']\").should(\"not.exist\");\ncy.xpath(\"//button[.='Execute']\").click();\ncy.xpath(\"//div[@class='loading']\").should('exist');\ncy.wait(\"@delay\");\ncy.xpath(\"(//td[@class='response-col_status'])[1]\").should('include.text', \"200\");",
              "err": {},
              "uuid": "6982d443-bd51-45d5-aebc-b25fecc5a760",
              "parentUUID": "270f2ac8-86cd-4720-804e-a5160c7e8ba5",
              "isHook": false,
              "skipped": false
            }
          ],
          "suites": [],
          "passes": [
            "6982d443-bd51-45d5-aebc-b25fecc5a760"
          ],
          "failures": [],
          "pending": [
            "6ed5ac53-8e2a-4bf3-a73c-87a7aa1312f6",
            "1fa6de96-12fe-423b-a445-b4cd6ea2cf0e",
            "44fa83b3-b16f-49b9-8849-6d90d76f46c5"
          ],
          "skipped": [],
          "duration": 5030,
          "root": false,
          "rootEmpty": false,
          "_timeout": 2000
        }
      ],
      "passes": [],
      "failures": [],
      "pending": [],
      "skipped": [],
      "duration": 0,
      "root": true,
      "rootEmpty": true,
      "_timeout": 2000
    }
  ],
  "meta": {
    "mocha": {
      "version": "7.0.1"
    },
    "mochawesome": {
      "options": {
        "quiet": false,
        "reportFilename": "mochawesome",
        "saveHtml": true,
        "saveJson": true,
        "consoleReporter": "spec",
        "useInlineDiffs": false,
        "code": true
      },
      "version": "7.1.3"
    },
    "marge": {
      "options": {
        "reportDir": "cypress/reports",
        "overwrite": true,
        "html": true,
        "json": true
      },
      "version": "6.2.0"
    }
  }
}