{
  "stats": {
    "suites": 2,
    "tests": 2,
    "passes": 1,
    "pending": 0,
    "failures": 1,
    "start": "2025-02-01T11:24:17.903Z",
    "end": "2025-02-01T11:24:18.603Z",
    "duration": 700,
    "testsRegistered": 2,
    "passPercent": 50,
    "pendingPercent": 0,
    "other": 0,
    "hasOther": false,
    "skipped": 0,
    "hasSkipped": false
  },
  "results": [
    {
      "uuid": "7c7555e6-7013-4976-84ef-da2fde62c126",
      "title": "",
      "fullFile": "cypress\\e2e\\tests\\logger.cy.js",
      "file": "cypress\\e2e\\tests\\logger.cy.js",
      "beforeHooks": [],
      "afterHooks": [],
      "tests": [],
      "suites": [
        {
          "uuid": "d442fcf1-6e39-483b-a6b4-1a3746dbe656",
          "title": "Logging Test",
          "fullFile": "",
          "file": "",
          "beforeHooks": [],
          "afterHooks": [],
          "tests": [
            {
              "title": "should log a message",
              "fullTitle": "Logging Test should log a message",
              "timedOut": null,
              "duration": 108,
              "state": "passed",
              "speed": "fast",
              "pass": true,
              "fail": false,
              "pending": false,
              "context": null,
              "code": "cy.task('writeLog', 'This is a test log message');",
              "err": {},
              "uuid": "4f1c4fd2-1f1e-4cf1-9194-c55946a84996",
              "parentUUID": "d442fcf1-6e39-483b-a6b4-1a3746dbe656",
              "isHook": false,
              "skipped": false
            }
          ],
          "suites": [],
          "passes": [
            "4f1c4fd2-1f1e-4cf1-9194-c55946a84996"
          ],
          "failures": [],
          "pending": [],
          "skipped": [],
          "duration": 108,
          "root": false,
          "rootEmpty": false,
          "_timeout": 2000
        },
        {
          "uuid": "a84d1be6-d7ee-459a-b09f-6fd256c1993f",
          "title": "Read json Data",
          "fullFile": "",
          "file": "",
          "beforeHooks": [],
          "afterHooks": [],
          "tests": [
            {
              "title": "json",
              "fullTitle": "Read json Data json",
              "timedOut": null,
              "duration": 487,
              "state": "failed",
              "speed": null,
              "pass": false,
              "fail": true,
              "pending": false,
              "context": null,
              "code": "data = cy.task('readJson');\nconsole.log(data);\ncy.task('readJson').then(data => {\n  // cy.task is async\n  console.log(data);\n});",
              "err": {
                "message": "ReferenceError: data is not defined",
                "estack": "ReferenceError: data is not defined\n    at Context.eval (webpack://cypress/./cypress/e2e/tests/logger.cy.js:9:12)\n    at runnable.fn (http://localhost:60087/__cypress/runner/cypress_runner.js:138150:19)\n    at callFn (http://localhost:60087/__cypress/runner/cypress_runner.js:156747:21)\n    at Runnable.run (http://localhost:60087/__cypress/runner/cypress_runner.js:156734:7)\n    at <unknown> (http://localhost:60087/__cypress/runner/cypress_runner.js:162664:30)\n    at PassThroughHandlerContext.finallyHandler (http://localhost:60087/__cypress/runner/cypress_runner.js:4042:23)\n    at PassThroughHandlerContext.tryCatcher (http://localhost:60087/__cypress/runner/cypress_runner.js:1777:23)\n    at Promise._settlePromiseFromHandler (http://localhost:60087/__cypress/runner/cypress_runner.js:1489:31)\n    at Promise._settlePromise (http://localhost:60087/__cypress/runner/cypress_runner.js:1546:18)",
                "diff": null
              },
              "uuid": "6bedfa41-0efe-4f4e-a37f-1b77ec59907b",
              "parentUUID": "a84d1be6-d7ee-459a-b09f-6fd256c1993f",
              "isHook": false,
              "skipped": false
            }
          ],
          "suites": [],
          "passes": [],
          "failures": [
            "6bedfa41-0efe-4f4e-a37f-1b77ec59907b"
          ],
          "pending": [],
          "skipped": [],
          "duration": 487,
          "root": false,
          "rootEmpty": false,
          "_timeout": 2000
        }
      ],
      "passes": [],
      "failures": [],
      "pending": [],
      "skipped": [],
      "duration": 0,
      "root": true,
      "rootEmpty": true,
      "_timeout": 2000
    }
  ],
  "meta": {
    "mocha": {
      "version": "7.0.1"
    },
    "mochawesome": {
      "options": {
        "quiet": false,
        "reportFilename": "mochawesome",
        "saveHtml": true,
        "saveJson": true,
        "consoleReporter": "spec",
        "useInlineDiffs": false,
        "code": true
      },
      "version": "7.1.3"
    },
    "marge": {
      "options": {
        "reportDir": "cypress/reports",
        "overwrite": false,
        "html": true,
        "json": true
      },
      "version": "6.2.0"
    }
  }
}