{
  "stats": {
    "suites": 1,
    "tests": 1,
    "passes": 1,
    "pending": 1,
    "failures": -1,
    "start": "2025-02-02T20:20:14.434Z",
    "end": "2025-02-02T20:20:19.515Z",
    "duration": 5081,
    "testsRegistered": 2,
    "passPercent": 100,
    "pendingPercent": 50,
    "other": 1,
    "hasOther": true,
    "skipped": 0,
    "hasSkipped": false
  },
  "results": [
    {
      "uuid": "cfa41961-c35e-4a0b-b386-638125b516f6",
      "title": "",
      "fullFile": "cypress\\e2e\\tests\\scraping.cy.js",
      "file": "cypress\\e2e\\tests\\scraping.cy.js",
      "beforeHooks": [],
      "afterHooks": [],
      "tests": [],
      "suites": [
        {
          "uuid": "b5b6c7fa-bd4e-4133-96f7-3e41e2da4dce",
          "title": "Scraping Suite",
          "fullFile": "",
          "file": "",
          "beforeHooks": [],
          "afterHooks": [],
          "tests": [
            {
              "title": "Simple Scrape",
              "fullTitle": "Scraping Suite Simple Scrape",
              "timedOut": null,
              "duration": 0,
              "state": "pending",
              "speed": null,
              "pass": false,
              "fail": false,
              "pending": true,
              "context": null,
              "code": "cy.visit('https://sauce-demo.myshopify.com/');\ncy.xpath(\"//a[@class='checkout']\").invoke('text').then(text => {\n  cy.task('writeLog', text);\n});",
              "err": {},
              "uuid": "45077191-ed21-4cb1-8be9-3c276f05db3f",
              "parentUUID": "b5b6c7fa-bd4e-4133-96f7-3e41e2da4dce",
              "isHook": false,
              "skipped": false
            },
            {
              "title": "Scraping multiple",
              "fullTitle": "Scraping Suite Scraping multiple",
              "timedOut": null,
              "duration": 3367,
              "state": "passed",
              "speed": "fast",
              "pass": true,
              "fail": false,
              "pending": false,
              "context": null,
              "code": "cy.visit('https://sauce-demo.myshopify.com/');\nlet userdata = [];\ncy.xpath(\"//li\").each((webelement, index) => {\n  cy.wrap(webelement).invoke('text').then(text => {\n    userdata.push({\n      [index]: text\n    });\n  });\n}).then(() => {\n  cy.task('saveJsonData', userdata);\n});\n// cy.xpath(\"//li\").each((webelement, index) => {\n//     const text = webelement.textContent.trim(); // Directly accessing text\n//     userdata.push({ [index]: text });\n// }).then(() => {\n//     cy.task('saveJsonData', userdata);\n// });",
              "err": {},
              "uuid": "48a7f963-c41a-4f42-b412-4c772964ff17",
              "parentUUID": "b5b6c7fa-bd4e-4133-96f7-3e41e2da4dce",
              "isHook": false,
              "skipped": false
            }
          ],
          "suites": [],
          "passes": [
            "48a7f963-c41a-4f42-b412-4c772964ff17"
          ],
          "failures": [],
          "pending": [
            "45077191-ed21-4cb1-8be9-3c276f05db3f"
          ],
          "skipped": [],
          "duration": 3367,
          "root": false,
          "rootEmpty": false,
          "_timeout": 2000
        }
      ],
      "passes": [],
      "failures": [],
      "pending": [],
      "skipped": [],
      "duration": 0,
      "root": true,
      "rootEmpty": true,
      "_timeout": 2000
    }
  ],
  "meta": {
    "mocha": {
      "version": "7.0.1"
    },
    "mochawesome": {
      "options": {
        "quiet": false,
        "reportFilename": "mochawesome",
        "saveHtml": true,
        "saveJson": true,
        "consoleReporter": "spec",
        "useInlineDiffs": false,
        "code": true
      },
      "version": "7.1.3"
    },
    "marge": {
      "options": {
        "reportDir": "cypress/reports",
        "overwrite": true,
        "html": true,
        "json": true
      },
      "version": "6.2.0"
    }
  }
}